------------------------------------------------------------------------------
                           GCC Code Coverage Report
Directory: ../
------------------------------------------------------------------------------
File                                       Lines    Exec  Cover   Missing
------------------------------------------------------------------------------
BinTree.h                                    341     337    98%   248-251
CourseNode.cpp                                20      20   100%   
CourseNode.h                                   1       1   100%   
CoursesManager.cpp                           102      91    89%   39-41,61-62,82-83,98-99,113-114
Lecture.cpp                                   35      31    88%   12-13,39-40
ListNode.cpp                                  54      46    85%   15,18-19,35,53-54,77-78
ListNode.h                                     1       1   100%   
library.cpp                                   40      37    92%   8,20,36
unittests/test_BinTree.cpp                   166     166   100%   
unittests/test_CoursesManager.cpp            159     159   100%   
unittests/test_Library.cpp                    68      68   100%   
------------------------------------------------------------------------------
TOTAL                                        987     957    97%
------------------------------------------------------------------------------
